
*** Running vivado
    with args -log PZG.vds -m64 -product Vivado -mode batch -messageDb vivado.pb -notrace -source PZG.tcl



****** Vivado v2021.2 (64-bit)
  **** SW Build 3367213 on Tue Oct 19 02:48:09 MDT 2021
  **** IP Build 3369179 on Thu Oct 21 08:25:16 MDT 2021
    ** Copyright 1986-2021 Xilinx, Inc. All Rights Reserved.

source PZG.tcl -notrace
create_project: Time (s): cpu = 00:00:03 ; elapsed = 00:00:07 . Memory (MB): peak = 1237.234 ; gain = 0.000
Command: read_checkpoint -auto_incremental -incremental D:/Privat/EDS/Projects/Labor3_neu/Labor3_neu.srcs/utils_1/imports/synth_1/PZG.dcp
INFO: [Vivado 12-5825] Read reference checkpoint from D:/Privat/EDS/Projects/Labor3_neu/Labor3_neu.srcs/utils_1/imports/synth_1/PZG.dcp for incremental synthesis
INFO: [Vivado 12-7989] Please ensure there are no constraint changes
Command: synth_design -top PZG -part xc7a100tcsg324-1
Starting synth_design
Attempting to get a license for feature 'Synthesis' and/or device 'xc7a100t'
INFO: [Common 17-349] Got license for feature 'Synthesis' and/or device 'xc7a100t'
INFO: [Device 21-403] Loading part xc7a100tcsg324-1
WARNING: [Designutils 20-4072] Reference run did not run incremental synthesis because the design is too small; reverting to default synthesis
INFO: [Designutils 20-4379] Flow is switching to default flow due to incremental criteria not met. If you would like to alter this behaviour and have the flow terminate instead, please set the following parameter config_implementation {autoIncr.Synth.RejectBehavior Terminate}
INFO: [Synth 8-7079] Multithreading enabled for synth_design using a maximum of 2 processes.
INFO: [Synth 8-7078] Launching helper process for spawning children vivado processes
INFO: [Synth 8-7075] Helper process launched with PID 29532
---------------------------------------------------------------------------------
Starting RTL Elaboration : Time (s): cpu = 00:00:06 ; elapsed = 00:00:07 . Memory (MB): peak = 1237.234 ; gain = 0.000
---------------------------------------------------------------------------------
INFO: [Synth 8-638] synthesizing module 'PZG' [D:/Privat/EDS/Projects/Labor/Labor_3_neu/Labor_3_neu.srcs/sim_1/new/PZG.vhd:43]
	Parameter g_length bound to: 4 - type: integer 
	Parameter g_mode bound to: 1'b1 
	Parameter g_X_inital bound to: 5'b11111 
	Parameter g_Kconfig bound to: 5'b11001 
INFO: [Synth 8-3491] module 'PZG_SGA' declared at 'D:/Privat/EDS/Projects/Labor/Labor_3_neu/Labor_3_neu.srcs/sources_1/new/PZG_SGA.vhd:5' bound to instance 'PZG' of component 'PZG_SGA' [D:/Privat/EDS/Projects/Labor/Labor_3_neu/Labor_3_neu.srcs/sim_1/new/PZG.vhd:80]
INFO: [Synth 8-638] synthesizing module 'PZG_SGA' [D:/Privat/EDS/Projects/Labor/Labor_3_neu/Labor_3_neu.srcs/sources_1/new/PZG_SGA.vhd:20]
	Parameter g_length bound to: 4 - type: integer 
	Parameter g_mode bound to: 1'b1 
	Parameter g_X_inital bound to: 5'b11111 
	Parameter g_Kconfig bound to: 5'b11001 
	Parameter g_intial_value_of_x bound to: 1'b1 
INFO: [Synth 8-3491] module 'coefficientmodule' declared at 'D:/Privat/EDS/Projects/Labor/Labor_3_neu/Labor_3_neu.srcs/sources_1/new/coefficientmodule.vhd:33' bound to instance 'coeff' of component 'coefficientmodule' [D:/Privat/EDS/Projects/Labor/Labor_3_neu/Labor_3_neu.srcs/sources_1/new/PZG_SGA.vhd:42]
INFO: [Synth 8-638] synthesizing module 'coefficientmodule' [D:/Privat/EDS/Projects/Labor/Labor_3_neu/Labor_3_neu.srcs/sources_1/new/coefficientmodule.vhd:45]
	Parameter g_intial_value_of_x bound to: 1'b1 
INFO: [Synth 8-3491] module 'FlipFlop1' declared at 'D:/Privat/EDS/Projects/Labor/Labor_3_neu/Labor_3_neu.srcs/sources_1/new/FlipFlop1.vhd:33' bound to instance 'FF1' of component 'FlipFlop1' [D:/Privat/EDS/Projects/Labor/Labor_3_neu/Labor_3_neu.srcs/sources_1/new/coefficientmodule.vhd:60]
INFO: [Synth 8-638] synthesizing module 'FlipFlop1' [D:/Privat/EDS/Projects/Labor/Labor_3_neu/Labor_3_neu.srcs/sources_1/new/FlipFlop1.vhd:42]
INFO: [Synth 8-256] done synthesizing module 'FlipFlop1' (1#1) [D:/Privat/EDS/Projects/Labor/Labor_3_neu/Labor_3_neu.srcs/sources_1/new/FlipFlop1.vhd:42]
INFO: [Synth 8-256] done synthesizing module 'coefficientmodule' (2#1) [D:/Privat/EDS/Projects/Labor/Labor_3_neu/Labor_3_neu.srcs/sources_1/new/coefficientmodule.vhd:45]
	Parameter g_intial_value_of_x bound to: 1'b1 
INFO: [Synth 8-3491] module 'coefficientmodule' declared at 'D:/Privat/EDS/Projects/Labor/Labor_3_neu/Labor_3_neu.srcs/sources_1/new/coefficientmodule.vhd:33' bound to instance 'coeff' of component 'coefficientmodule' [D:/Privat/EDS/Projects/Labor/Labor_3_neu/Labor_3_neu.srcs/sources_1/new/PZG_SGA.vhd:42]
	Parameter g_intial_value_of_x bound to: 1'b1 
INFO: [Synth 8-3491] module 'coefficientmodule' declared at 'D:/Privat/EDS/Projects/Labor/Labor_3_neu/Labor_3_neu.srcs/sources_1/new/coefficientmodule.vhd:33' bound to instance 'coeff' of component 'coefficientmodule' [D:/Privat/EDS/Projects/Labor/Labor_3_neu/Labor_3_neu.srcs/sources_1/new/PZG_SGA.vhd:42]
	Parameter g_intial_value_of_x bound to: 1'b1 
INFO: [Synth 8-3491] module 'coefficientmodule' declared at 'D:/Privat/EDS/Projects/Labor/Labor_3_neu/Labor_3_neu.srcs/sources_1/new/coefficientmodule.vhd:33' bound to instance 'coeff' of component 'coefficientmodule' [D:/Privat/EDS/Projects/Labor/Labor_3_neu/Labor_3_neu.srcs/sources_1/new/PZG_SGA.vhd:42]
INFO: [Synth 8-256] done synthesizing module 'PZG_SGA' (3#1) [D:/Privat/EDS/Projects/Labor/Labor_3_neu/Labor_3_neu.srcs/sources_1/new/PZG_SGA.vhd:20]
INFO: [Synth 8-256] done synthesizing module 'PZG' (4#1) [D:/Privat/EDS/Projects/Labor/Labor_3_neu/Labor_3_neu.srcs/sim_1/new/PZG.vhd:43]
---------------------------------------------------------------------------------
Finished RTL Elaboration : Time (s): cpu = 00:00:07 ; elapsed = 00:00:08 . Memory (MB): peak = 1237.234 ; gain = 0.000
---------------------------------------------------------------------------------
---------------------------------------------------------------------------------
Start Handling Custom Attributes
---------------------------------------------------------------------------------
---------------------------------------------------------------------------------
Finished Handling Custom Attributes : Time (s): cpu = 00:00:08 ; elapsed = 00:00:09 . Memory (MB): peak = 1237.234 ; gain = 0.000
---------------------------------------------------------------------------------
---------------------------------------------------------------------------------
Finished RTL Optimization Phase 1 : Time (s): cpu = 00:00:08 ; elapsed = 00:00:09 . Memory (MB): peak = 1237.234 ; gain = 0.000
---------------------------------------------------------------------------------
Netlist sorting complete. Time (s): cpu = 00:00:00 ; elapsed = 00:00:00.002 . Memory (MB): peak = 1237.234 ; gain = 0.000
INFO: [Project 1-570] Preparing netlist for logic optimization

Processing XDC Constraints
Initializing timing engine
Parsing XDC File [D:/Privat/EDS/Projects/Labor/Labor_3_neu/Labor_3_neu.srcs/constrs_1/imports/Labor/Nexys-A7-100T-Master.xdc]
WARNING: [Vivado 12-584] No ports matched 'o_LED[0]'. [D:/Privat/EDS/Projects/Labor/Labor_3_neu/Labor_3_neu.srcs/constrs_1/imports/Labor/Nexys-A7-100T-Master.xdc:30]
CRITICAL WARNING: [Common 17-55] 'set_property' expects at least one object. [D:/Privat/EDS/Projects/Labor/Labor_3_neu/Labor_3_neu.srcs/constrs_1/imports/Labor/Nexys-A7-100T-Master.xdc:30]
Resolution: If [get_<value>] was used to populate the object, check to make sure this command returns at least one valid object.
Finished Parsing XDC File [D:/Privat/EDS/Projects/Labor/Labor_3_neu/Labor_3_neu.srcs/constrs_1/imports/Labor/Nexys-A7-100T-Master.xdc]
INFO: [Project 1-236] Implementation specific constraints were found while reading constraint file [D:/Privat/EDS/Projects/Labor/Labor_3_neu/Labor_3_neu.srcs/constrs_1/imports/Labor/Nexys-A7-100T-Master.xdc]. These constraints will be ignored for synthesis but will be used in implementation. Impacted constraints are listed in the file [.Xil/PZG_propImpl.xdc].
Resolution: To avoid this warning, move constraints listed in [.Xil/PZG_propImpl.xdc] to another XDC file and exclude this new file from synthesis with the used_in_synthesis property (File Properties dialog in GUI) and re-run elaboration/synthesis.
Completed Processing XDC Constraints

Netlist sorting complete. Time (s): cpu = 00:00:00 ; elapsed = 00:00:00 . Memory (MB): peak = 1237.234 ; gain = 0.000
INFO: [Project 1-111] Unisim Transformation Summary:
No Unisim elements were transformed.

Constraint Validation Runtime : Time (s): cpu = 00:00:00 ; elapsed = 00:00:00.005 . Memory (MB): peak = 1237.234 ; gain = 0.000
WARNING: [Designutils 20-4072] Reference run did not run incremental synthesis because the design is too small; reverting to default synthesis
INFO: [Designutils 20-4379] Flow is switching to default flow due to incremental criteria not met. If you would like to alter this behaviour and have the flow terminate instead, please set the following parameter config_implementation {autoIncr.Synth.RejectBehavior Terminate}
---------------------------------------------------------------------------------
Finished Constraint Validation : Time (s): cpu = 00:00:16 ; elapsed = 00:00:18 . Memory (MB): peak = 1237.234 ; gain = 0.000
---------------------------------------------------------------------------------
---------------------------------------------------------------------------------
Start Loading Part and Timing Information
---------------------------------------------------------------------------------
Loading part: xc7a100tcsg324-1
---------------------------------------------------------------------------------
Finished Loading Part and Timing Information : Time (s): cpu = 00:00:16 ; elapsed = 00:00:18 . Memory (MB): peak = 1237.234 ; gain = 0.000
---------------------------------------------------------------------------------
---------------------------------------------------------------------------------
Start Applying 'set_property' XDC Constraints
---------------------------------------------------------------------------------
---------------------------------------------------------------------------------
Finished applying 'set_property' XDC Constraints : Time (s): cpu = 00:00:16 ; elapsed = 00:00:18 . Memory (MB): peak = 1237.234 ; gain = 0.000
---------------------------------------------------------------------------------
---------------------------------------------------------------------------------
Finished RTL Optimization Phase 2 : Time (s): cpu = 00:00:16 ; elapsed = 00:00:18 . Memory (MB): peak = 1237.234 ; gain = 0.000
---------------------------------------------------------------------------------
---------------------------------------------------------------------------------
Start RTL Component Statistics 
---------------------------------------------------------------------------------
Detailed RTL Component Info : 
+---Adders : 
	   2 Input   26 Bit       Adders := 1     
+---XORs : 
	   2 Input      1 Bit         XORs := 4     
+---Registers : 
	               26 Bit    Registers := 1     
	                1 Bit    Registers := 5     
+---Muxes : 
	   2 Input   26 Bit        Muxes := 1     
---------------------------------------------------------------------------------
Finished RTL Component Statistics 
---------------------------------------------------------------------------------
---------------------------------------------------------------------------------
Start Part Resource Summary
---------------------------------------------------------------------------------
Part Resources:
DSPs: 240 (col length:80)
BRAMs: 270 (col length: RAMB18 80 RAMB36 40)
---------------------------------------------------------------------------------
Finished Part Resource Summary
---------------------------------------------------------------------------------
---------------------------------------------------------------------------------
Start Cross Boundary and Area Optimization
---------------------------------------------------------------------------------
WARNING: [Synth 8-7080] Parallel synthesis criteria is not met
---------------------------------------------------------------------------------
Finished Cross Boundary and Area Optimization : Time (s): cpu = 00:00:18 ; elapsed = 00:00:21 . Memory (MB): peak = 1237.234 ; gain = 0.000
---------------------------------------------------------------------------------
---------------------------------------------------------------------------------
Start Applying XDC Timing Constraints
---------------------------------------------------------------------------------
---------------------------------------------------------------------------------
Finished Applying XDC Timing Constraints : Time (s): cpu = 00:00:25 ; elapsed = 00:00:27 . Memory (MB): peak = 1237.234 ; gain = 0.000
---------------------------------------------------------------------------------
---------------------------------------------------------------------------------
Start Timing Optimization
---------------------------------------------------------------------------------
---------------------------------------------------------------------------------
Finished Timing Optimization : Time (s): cpu = 00:00:25 ; elapsed = 00:00:27 . Memory (MB): peak = 1237.234 ; gain = 0.000
---------------------------------------------------------------------------------
---------------------------------------------------------------------------------
Start Technology Mapping
---------------------------------------------------------------------------------
---------------------------------------------------------------------------------
Finished Technology Mapping : Time (s): cpu = 00:00:25 ; elapsed = 00:00:27 . Memory (MB): peak = 1237.234 ; gain = 0.000
---------------------------------------------------------------------------------
---------------------------------------------------------------------------------
Start IO Insertion
---------------------------------------------------------------------------------
---------------------------------------------------------------------------------
Start Flattening Before IO Insertion
---------------------------------------------------------------------------------
---------------------------------------------------------------------------------
Finished Flattening Before IO Insertion
---------------------------------------------------------------------------------
---------------------------------------------------------------------------------
Start Final Netlist Cleanup
---------------------------------------------------------------------------------
---------------------------------------------------------------------------------
Finished Final Netlist Cleanup
---------------------------------------------------------------------------------
---------------------------------------------------------------------------------
Finished IO Insertion : Time (s): cpu = 00:00:30 ; elapsed = 00:00:33 . Memory (MB): peak = 1242.820 ; gain = 5.586
---------------------------------------------------------------------------------
---------------------------------------------------------------------------------
Start Renaming Generated Instances
---------------------------------------------------------------------------------
---------------------------------------------------------------------------------
Finished Renaming Generated Instances : Time (s): cpu = 00:00:30 ; elapsed = 00:00:33 . Memory (MB): peak = 1242.820 ; gain = 5.586
---------------------------------------------------------------------------------
---------------------------------------------------------------------------------
Start Rebuilding User Hierarchy
---------------------------------------------------------------------------------
---------------------------------------------------------------------------------
Finished Rebuilding User Hierarchy : Time (s): cpu = 00:00:30 ; elapsed = 00:00:33 . Memory (MB): peak = 1242.820 ; gain = 5.586
---------------------------------------------------------------------------------
---------------------------------------------------------------------------------
Start Renaming Generated Ports
---------------------------------------------------------------------------------
---------------------------------------------------------------------------------
Finished Renaming Generated Ports : Time (s): cpu = 00:00:30 ; elapsed = 00:00:33 . Memory (MB): peak = 1242.820 ; gain = 5.586
---------------------------------------------------------------------------------
---------------------------------------------------------------------------------
Start Handling Custom Attributes
---------------------------------------------------------------------------------
---------------------------------------------------------------------------------
Finished Handling Custom Attributes : Time (s): cpu = 00:00:30 ; elapsed = 00:00:33 . Memory (MB): peak = 1242.820 ; gain = 5.586
---------------------------------------------------------------------------------
---------------------------------------------------------------------------------
Start Renaming Generated Nets
---------------------------------------------------------------------------------
---------------------------------------------------------------------------------
Finished Renaming Generated Nets : Time (s): cpu = 00:00:30 ; elapsed = 00:00:33 . Memory (MB): peak = 1242.820 ; gain = 5.586
---------------------------------------------------------------------------------
---------------------------------------------------------------------------------
Start Writing Synthesis Report
---------------------------------------------------------------------------------

Report BlackBoxes: 
+-+--------------+----------+
| |BlackBox name |Instances |
+-+--------------+----------+
+-+--------------+----------+

Report Cell Usage: 
+------+-------+------+
|      |Cell   |Count |
+------+-------+------+
|1     |BUFG   |     1|
|2     |CARRY4 |     7|
|3     |LUT1   |     2|
|4     |LUT2   |     3|
|5     |LUT4   |     5|
|6     |LUT6   |     2|
|7     |FDCE   |     4|
|8     |FDRE   |    27|
|9     |IBUF   |     3|
|10    |OBUF   |     4|
+------+-------+------+
---------------------------------------------------------------------------------
Finished Writing Synthesis Report : Time (s): cpu = 00:00:30 ; elapsed = 00:00:33 . Memory (MB): peak = 1242.820 ; gain = 5.586
---------------------------------------------------------------------------------
Synthesis finished with 0 errors, 0 critical warnings and 1 warnings.
Synthesis Optimization Runtime : Time (s): cpu = 00:00:20 ; elapsed = 00:00:30 . Memory (MB): peak = 1242.820 ; gain = 5.586
Synthesis Optimization Complete : Time (s): cpu = 00:00:30 ; elapsed = 00:00:33 . Memory (MB): peak = 1242.820 ; gain = 5.586
INFO: [Project 1-571] Translating synthesized netlist
Netlist sorting complete. Time (s): cpu = 00:00:00 ; elapsed = 00:00:00.001 . Memory (MB): peak = 1251.285 ; gain = 0.000
INFO: [Netlist 29-17] Analyzing 7 Unisim elements for replacement
INFO: [Netlist 29-28] Unisim Transformation completed in 0 CPU seconds
INFO: [Project 1-570] Preparing netlist for logic optimization
INFO: [Opt 31-138] Pushed 0 inverter(s) to 0 load pin(s).
Netlist sorting complete. Time (s): cpu = 00:00:00 ; elapsed = 00:00:00 . Memory (MB): peak = 1260.914 ; gain = 0.000
INFO: [Project 1-111] Unisim Transformation Summary:
No Unisim elements were transformed.

Synth Design complete, checksum: 36ebd1b0
INFO: [Common 17-83] Releasing license: Synthesis
33 Infos, 4 Warnings, 1 Critical Warnings and 0 Errors encountered.
synth_design completed successfully
synth_design: Time (s): cpu = 00:00:34 ; elapsed = 00:00:42 . Memory (MB): peak = 1260.914 ; gain = 23.680
INFO: [runtcl-6] Synthesis results are not added to the cache due to CRITICAL_WARNING
INFO: [Common 17-1381] The checkpoint 'D:/Privat/EDS/Projects/Labor/Labor_3_neu/Labor_3_neu.runs/synth_1/PZG.dcp' has been generated.
INFO: [runtcl-4] Executing : report_utilization -file PZG_utilization_synth.rpt -pb PZG_utilization_synth.pb
INFO: [Common 17-206] Exiting Vivado at Sat Sep  2 20:47:01 2023...
