
*** Running vivado
    with args -log Uhr.vds -m64 -product Vivado -mode batch -messageDb vivado.pb -notrace -source Uhr.tcl



****** Vivado v2021.2 (64-bit)
  **** SW Build 3367213 on Tue Oct 19 02:48:09 MDT 2021
  **** IP Build 3369179 on Thu Oct 21 08:25:16 MDT 2021
    ** Copyright 1986-2021 Xilinx, Inc. All Rights Reserved.

source Uhr.tcl -notrace
create_project: Time (s): cpu = 00:00:07 ; elapsed = 00:00:15 . Memory (MB): peak = 1238.332 ; gain = 0.000
Command: read_checkpoint -auto_incremental -incremental D:/Privat/EDS/Projects/Labor/Labor2/Labor2.srcs/utils_1/imports/synth_1/tb_Uhr.dcp
INFO: [Vivado 12-5825] Read reference checkpoint from D:/Privat/EDS/Projects/Labor/Labor2/Labor2.srcs/utils_1/imports/synth_1/tb_Uhr.dcp for incremental synthesis
INFO: [Vivado 12-7989] Please ensure there are no constraint changes
Command: synth_design -top Uhr -part xc7a100tcsg324-1
Starting synth_design
Attempting to get a license for feature 'Synthesis' and/or device 'xc7a100t'
INFO: [Common 17-349] Got license for feature 'Synthesis' and/or device 'xc7a100t'
INFO: [Device 21-403] Loading part xc7a100tcsg324-1
WARNING: [Designutils 20-4072] Reference run did not run incremental synthesis because the design is too small; reverting to default synthesis
INFO: [Designutils 20-4379] Flow is switching to default flow due to incremental criteria not met. If you would like to alter this behaviour and have the flow terminate instead, please set the following parameter config_implementation {autoIncr.Synth.RejectBehavior Terminate}
INFO: [Synth 8-7079] Multithreading enabled for synth_design using a maximum of 2 processes.
INFO: [Synth 8-7078] Launching helper process for spawning children vivado processes
INFO: [Synth 8-7075] Helper process launched with PID 21284
---------------------------------------------------------------------------------
Starting RTL Elaboration : Time (s): cpu = 00:00:06 ; elapsed = 00:00:07 . Memory (MB): peak = 1238.332 ; gain = 0.000
---------------------------------------------------------------------------------
INFO: [Synth 8-638] synthesizing module 'Uhr' [D:/Privat/EDS/Projects/Labor/Labor2/Labor2.srcs/sources_1/new/Uhr.vhd:35]
INFO: [Synth 8-3491] module 'clock_divider_eigen' declared at 'D:/Privat/EDS/Projects/Labor/Labor2/Labor2.srcs/sources_1/new/clock_divider_eigen.vhd:34' bound to instance 'clock_divider' of component 'clock_divider_eigen' [D:/Privat/EDS/Projects/Labor/Labor2/Labor2.srcs/sources_1/new/Uhr.vhd:84]
INFO: [Synth 8-638] synthesizing module 'clock_divider_eigen' [D:/Privat/EDS/Projects/Labor/Labor2/Labor2.srcs/sources_1/new/clock_divider_eigen.vhd:42]
	Parameter length bound to: 2 - type: integer 
	Parameter maxvalue bound to: 10 - type: integer 
INFO: [Synth 8-3491] module 'zaehler_eigen' declared at 'D:/Privat/EDS/Projects/Labor/Labor2/Labor2.srcs/sources_1/new/a_zaehler_eigen.vhd:26' bound to instance 'zaehler_10kHz' of component 'zaehler_eigen' [D:/Privat/EDS/Projects/Labor/Labor2/Labor2.srcs/sources_1/new/clock_divider_eigen.vhd:60]
INFO: [Synth 8-638] synthesizing module 'zaehler_eigen' [D:/Privat/EDS/Projects/Labor/Labor2/Labor2.srcs/sources_1/new/a_zaehler_eigen.vhd:37]
	Parameter length bound to: 2 - type: integer 
	Parameter maxvalue bound to: 10 - type: integer 
INFO: [Synth 8-256] done synthesizing module 'zaehler_eigen' (1#1) [D:/Privat/EDS/Projects/Labor/Labor2/Labor2.srcs/sources_1/new/a_zaehler_eigen.vhd:37]
	Parameter length bound to: 2 - type: integer 
	Parameter maxvalue bound to: 10 - type: integer 
INFO: [Synth 8-3491] module 'zaehler_eigen' declared at 'D:/Privat/EDS/Projects/Labor/Labor2/Labor2.srcs/sources_1/new/a_zaehler_eigen.vhd:26' bound to instance 'zaehler_1Hz' of component 'zaehler_eigen' [D:/Privat/EDS/Projects/Labor/Labor2/Labor2.srcs/sources_1/new/clock_divider_eigen.vhd:69]
INFO: [Synth 8-256] done synthesizing module 'clock_divider_eigen' (2#1) [D:/Privat/EDS/Projects/Labor/Labor2/Labor2.srcs/sources_1/new/clock_divider_eigen.vhd:42]
INFO: [Synth 8-3491] module 'clockcounters' declared at 'D:/Privat/EDS/Projects/Labor/Labor2/Labor2.srcs/sources_1/new/clockcounters.vhd:34' bound to instance 'uhrzaehler' of component 'clockcounters' [D:/Privat/EDS/Projects/Labor/Labor2/Labor2.srcs/sources_1/new/Uhr.vhd:90]
INFO: [Synth 8-638] synthesizing module 'clockcounters' [D:/Privat/EDS/Projects/Labor/Labor2/Labor2.srcs/sources_1/new/clockcounters.vhd:47]
	Parameter length bound to: 4 - type: integer 
	Parameter maxvalue bound to: 9 - type: integer 
INFO: [Synth 8-3491] module 'zaehler_eigen' declared at 'D:/Privat/EDS/Projects/Labor/Labor2/Labor2.srcs/sources_1/new/a_zaehler_eigen.vhd:26' bound to instance 'zaehler_sek_mod10' of component 'zaehler_eigen' [D:/Privat/EDS/Projects/Labor/Labor2/Labor2.srcs/sources_1/new/clockcounters.vhd:72]
INFO: [Synth 8-638] synthesizing module 'zaehler_eigen__parameterized2' [D:/Privat/EDS/Projects/Labor/Labor2/Labor2.srcs/sources_1/new/a_zaehler_eigen.vhd:37]
	Parameter length bound to: 4 - type: integer 
	Parameter maxvalue bound to: 9 - type: integer 
INFO: [Synth 8-256] done synthesizing module 'zaehler_eigen__parameterized2' (2#1) [D:/Privat/EDS/Projects/Labor/Labor2/Labor2.srcs/sources_1/new/a_zaehler_eigen.vhd:37]
	Parameter length bound to: 4 - type: integer 
	Parameter maxvalue bound to: 6 - type: integer 
INFO: [Synth 8-3491] module 'zaehler_eigen' declared at 'D:/Privat/EDS/Projects/Labor/Labor2/Labor2.srcs/sources_1/new/a_zaehler_eigen.vhd:26' bound to instance 'zaehler_sek_mod7' of component 'zaehler_eigen' [D:/Privat/EDS/Projects/Labor/Labor2/Labor2.srcs/sources_1/new/clockcounters.vhd:81]
INFO: [Synth 8-638] synthesizing module 'zaehler_eigen__parameterized4' [D:/Privat/EDS/Projects/Labor/Labor2/Labor2.srcs/sources_1/new/a_zaehler_eigen.vhd:37]
	Parameter length bound to: 4 - type: integer 
	Parameter maxvalue bound to: 6 - type: integer 
INFO: [Synth 8-256] done synthesizing module 'zaehler_eigen__parameterized4' (2#1) [D:/Privat/EDS/Projects/Labor/Labor2/Labor2.srcs/sources_1/new/a_zaehler_eigen.vhd:37]
	Parameter length bound to: 4 - type: integer 
	Parameter maxvalue bound to: 9 - type: integer 
INFO: [Synth 8-3491] module 'zaehler_eigen' declared at 'D:/Privat/EDS/Projects/Labor/Labor2/Labor2.srcs/sources_1/new/a_zaehler_eigen.vhd:26' bound to instance 'zaehler_min_mod10' of component 'zaehler_eigen' [D:/Privat/EDS/Projects/Labor/Labor2/Labor2.srcs/sources_1/new/clockcounters.vhd:90]
	Parameter length bound to: 4 - type: integer 
	Parameter maxvalue bound to: 6 - type: integer 
INFO: [Synth 8-3491] module 'zaehler_eigen' declared at 'D:/Privat/EDS/Projects/Labor/Labor2/Labor2.srcs/sources_1/new/a_zaehler_eigen.vhd:26' bound to instance 'zaehler_min_mod7' of component 'zaehler_eigen' [D:/Privat/EDS/Projects/Labor/Labor2/Labor2.srcs/sources_1/new/clockcounters.vhd:99]
	Parameter length bound to: 4 - type: integer 
	Parameter maxvalue bound to: 9 - type: integer 
INFO: [Synth 8-3491] module 'zaehler_eigen' declared at 'D:/Privat/EDS/Projects/Labor/Labor2/Labor2.srcs/sources_1/new/a_zaehler_eigen.vhd:26' bound to instance 'zaehler_hor_mod10' of component 'zaehler_eigen' [D:/Privat/EDS/Projects/Labor/Labor2/Labor2.srcs/sources_1/new/clockcounters.vhd:108]
	Parameter length bound to: 4 - type: integer 
	Parameter maxvalue bound to: 3 - type: integer 
INFO: [Synth 8-3491] module 'zaehler_eigen' declared at 'D:/Privat/EDS/Projects/Labor/Labor2/Labor2.srcs/sources_1/new/a_zaehler_eigen.vhd:26' bound to instance 'zaehler_hor_mod3' of component 'zaehler_eigen' [D:/Privat/EDS/Projects/Labor/Labor2/Labor2.srcs/sources_1/new/clockcounters.vhd:117]
INFO: [Synth 8-638] synthesizing module 'zaehler_eigen__parameterized6' [D:/Privat/EDS/Projects/Labor/Labor2/Labor2.srcs/sources_1/new/a_zaehler_eigen.vhd:37]
	Parameter length bound to: 4 - type: integer 
	Parameter maxvalue bound to: 3 - type: integer 
INFO: [Synth 8-256] done synthesizing module 'zaehler_eigen__parameterized6' (2#1) [D:/Privat/EDS/Projects/Labor/Labor2/Labor2.srcs/sources_1/new/a_zaehler_eigen.vhd:37]
INFO: [Synth 8-256] done synthesizing module 'clockcounters' (3#1) [D:/Privat/EDS/Projects/Labor/Labor2/Labor2.srcs/sources_1/new/clockcounters.vhd:47]
INFO: [Synth 8-3491] module 'outsevenseg' declared at 'D:/Privat/EDS/Projects/Labor/Labor2/Labor2.srcs/sources_1/new/7_seg.vhd:29' bound to instance 'segment7' of component 'outsevenseg' [D:/Privat/EDS/Projects/Labor/Labor2/Labor2.srcs/sources_1/new/Uhr.vhd:96]
INFO: [Synth 8-638] synthesizing module 'outsevenseg' [D:/Privat/EDS/Projects/Labor/Labor2/Labor2.srcs/sources_1/new/7_seg.vhd:41]
INFO: [Synth 8-256] done synthesizing module 'outsevenseg' (4#1) [D:/Privat/EDS/Projects/Labor/Labor2/Labor2.srcs/sources_1/new/7_seg.vhd:41]
INFO: [Synth 8-256] done synthesizing module 'Uhr' (5#1) [D:/Privat/EDS/Projects/Labor/Labor2/Labor2.srcs/sources_1/new/Uhr.vhd:35]
---------------------------------------------------------------------------------
Finished RTL Elaboration : Time (s): cpu = 00:00:07 ; elapsed = 00:00:09 . Memory (MB): peak = 1238.332 ; gain = 0.000
---------------------------------------------------------------------------------
---------------------------------------------------------------------------------
Start Handling Custom Attributes
---------------------------------------------------------------------------------
---------------------------------------------------------------------------------
Finished Handling Custom Attributes : Time (s): cpu = 00:00:08 ; elapsed = 00:00:11 . Memory (MB): peak = 1238.332 ; gain = 0.000
---------------------------------------------------------------------------------
---------------------------------------------------------------------------------
Finished RTL Optimization Phase 1 : Time (s): cpu = 00:00:08 ; elapsed = 00:00:11 . Memory (MB): peak = 1238.332 ; gain = 0.000
---------------------------------------------------------------------------------
Netlist sorting complete. Time (s): cpu = 00:00:00 ; elapsed = 00:00:00.014 . Memory (MB): peak = 1238.332 ; gain = 0.000
INFO: [Project 1-570] Preparing netlist for logic optimization

Processing XDC Constraints
Initializing timing engine
Parsing XDC File [D:/Privat/EDS/Projects/Labor/Labor2/Labor2.srcs/constrs_1/new/Arty-A7-100-Master.xdc]
Finished Parsing XDC File [D:/Privat/EDS/Projects/Labor/Labor2/Labor2.srcs/constrs_1/new/Arty-A7-100-Master.xdc]
INFO: [Project 1-236] Implementation specific constraints were found while reading constraint file [D:/Privat/EDS/Projects/Labor/Labor2/Labor2.srcs/constrs_1/new/Arty-A7-100-Master.xdc]. These constraints will be ignored for synthesis but will be used in implementation. Impacted constraints are listed in the file [.Xil/Uhr_propImpl.xdc].
Resolution: To avoid this warning, move constraints listed in [.Xil/Uhr_propImpl.xdc] to another XDC file and exclude this new file from synthesis with the used_in_synthesis property (File Properties dialog in GUI) and re-run elaboration/synthesis.
Completed Processing XDC Constraints

Netlist sorting complete. Time (s): cpu = 00:00:00 ; elapsed = 00:00:00.001 . Memory (MB): peak = 1238.332 ; gain = 0.000
INFO: [Project 1-111] Unisim Transformation Summary:
No Unisim elements were transformed.

Constraint Validation Runtime : Time (s): cpu = 00:00:00 ; elapsed = 00:00:00.018 . Memory (MB): peak = 1238.332 ; gain = 0.000
WARNING: [Designutils 20-4072] Reference run did not run incremental synthesis because the design is too small; reverting to default synthesis
INFO: [Designutils 20-4379] Flow is switching to default flow due to incremental criteria not met. If you would like to alter this behaviour and have the flow terminate instead, please set the following parameter config_implementation {autoIncr.Synth.RejectBehavior Terminate}
---------------------------------------------------------------------------------
Finished Constraint Validation : Time (s): cpu = 00:00:18 ; elapsed = 00:00:22 . Memory (MB): peak = 1238.332 ; gain = 0.000
---------------------------------------------------------------------------------
---------------------------------------------------------------------------------
Start Loading Part and Timing Information
---------------------------------------------------------------------------------
Loading part: xc7a100tcsg324-1
---------------------------------------------------------------------------------
Finished Loading Part and Timing Information : Time (s): cpu = 00:00:18 ; elapsed = 00:00:22 . Memory (MB): peak = 1238.332 ; gain = 0.000
---------------------------------------------------------------------------------
---------------------------------------------------------------------------------
Start Applying 'set_property' XDC Constraints
---------------------------------------------------------------------------------
---------------------------------------------------------------------------------
Finished applying 'set_property' XDC Constraints : Time (s): cpu = 00:00:18 ; elapsed = 00:00:22 . Memory (MB): peak = 1238.332 ; gain = 0.000
---------------------------------------------------------------------------------
---------------------------------------------------------------------------------
Finished RTL Optimization Phase 2 : Time (s): cpu = 00:00:19 ; elapsed = 00:00:23 . Memory (MB): peak = 1238.332 ; gain = 0.000
---------------------------------------------------------------------------------
---------------------------------------------------------------------------------
Start RTL Component Statistics 
---------------------------------------------------------------------------------
Detailed RTL Component Info : 
+---Adders : 
	   2 Input    4 Bit       Adders := 1     
+---Registers : 
	               32 Bit    Registers := 1     
	                8 Bit    Registers := 2     
	                1 Bit    Registers := 8     
+---Muxes : 
	   8 Input    8 Bit        Muxes := 1     
	   6 Input    8 Bit        Muxes := 1     
	   8 Input    3 Bit        Muxes := 1     
	   6 Input    3 Bit        Muxes := 1     
	   7 Input    1 Bit        Muxes := 1     
	   3 Input    1 Bit        Muxes := 1     
---------------------------------------------------------------------------------
Finished RTL Component Statistics 
---------------------------------------------------------------------------------
---------------------------------------------------------------------------------
Start Part Resource Summary
---------------------------------------------------------------------------------
Part Resources:
DSPs: 240 (col length:80)
BRAMs: 270 (col length: RAMB18 80 RAMB36 40)
---------------------------------------------------------------------------------
Finished Part Resource Summary
---------------------------------------------------------------------------------
---------------------------------------------------------------------------------
Start Cross Boundary and Area Optimization
---------------------------------------------------------------------------------
WARNING: [Synth 8-7080] Parallel synthesis criteria is not met
---------------------------------------------------------------------------------
Finished Cross Boundary and Area Optimization : Time (s): cpu = 00:00:23 ; elapsed = 00:00:28 . Memory (MB): peak = 1238.332 ; gain = 0.000
---------------------------------------------------------------------------------
---------------------------------------------------------------------------------
Start Applying XDC Timing Constraints
---------------------------------------------------------------------------------
---------------------------------------------------------------------------------
Finished Applying XDC Timing Constraints : Time (s): cpu = 00:00:30 ; elapsed = 00:00:35 . Memory (MB): peak = 1238.332 ; gain = 0.000
---------------------------------------------------------------------------------
---------------------------------------------------------------------------------
Start Timing Optimization
---------------------------------------------------------------------------------
---------------------------------------------------------------------------------
Finished Timing Optimization : Time (s): cpu = 00:00:31 ; elapsed = 00:00:36 . Memory (MB): peak = 1243.492 ; gain = 5.160
---------------------------------------------------------------------------------
---------------------------------------------------------------------------------
Start Technology Mapping
---------------------------------------------------------------------------------
---------------------------------------------------------------------------------
Finished Technology Mapping : Time (s): cpu = 00:00:31 ; elapsed = 00:00:36 . Memory (MB): peak = 1245.574 ; gain = 7.242
---------------------------------------------------------------------------------
---------------------------------------------------------------------------------
Start IO Insertion
---------------------------------------------------------------------------------
---------------------------------------------------------------------------------
Start Flattening Before IO Insertion
---------------------------------------------------------------------------------
---------------------------------------------------------------------------------
Finished Flattening Before IO Insertion
---------------------------------------------------------------------------------
---------------------------------------------------------------------------------
Start Final Netlist Cleanup
---------------------------------------------------------------------------------
---------------------------------------------------------------------------------
Finished Final Netlist Cleanup
---------------------------------------------------------------------------------
---------------------------------------------------------------------------------
Finished IO Insertion : Time (s): cpu = 00:00:38 ; elapsed = 00:00:43 . Memory (MB): peak = 1251.367 ; gain = 13.035
---------------------------------------------------------------------------------
---------------------------------------------------------------------------------
Start Renaming Generated Instances
---------------------------------------------------------------------------------
---------------------------------------------------------------------------------
Finished Renaming Generated Instances : Time (s): cpu = 00:00:38 ; elapsed = 00:00:43 . Memory (MB): peak = 1251.367 ; gain = 13.035
---------------------------------------------------------------------------------
---------------------------------------------------------------------------------
Start Rebuilding User Hierarchy
---------------------------------------------------------------------------------
---------------------------------------------------------------------------------
Finished Rebuilding User Hierarchy : Time (s): cpu = 00:00:38 ; elapsed = 00:00:43 . Memory (MB): peak = 1251.367 ; gain = 13.035
---------------------------------------------------------------------------------
---------------------------------------------------------------------------------
Start Renaming Generated Ports
---------------------------------------------------------------------------------
---------------------------------------------------------------------------------
Finished Renaming Generated Ports : Time (s): cpu = 00:00:38 ; elapsed = 00:00:43 . Memory (MB): peak = 1251.367 ; gain = 13.035
---------------------------------------------------------------------------------
---------------------------------------------------------------------------------
Start Handling Custom Attributes
---------------------------------------------------------------------------------
---------------------------------------------------------------------------------
Finished Handling Custom Attributes : Time (s): cpu = 00:00:38 ; elapsed = 00:00:43 . Memory (MB): peak = 1251.367 ; gain = 13.035
---------------------------------------------------------------------------------
---------------------------------------------------------------------------------
Start Renaming Generated Nets
---------------------------------------------------------------------------------
---------------------------------------------------------------------------------
Finished Renaming Generated Nets : Time (s): cpu = 00:00:38 ; elapsed = 00:00:43 . Memory (MB): peak = 1251.367 ; gain = 13.035
---------------------------------------------------------------------------------
---------------------------------------------------------------------------------
Start Writing Synthesis Report
---------------------------------------------------------------------------------

Report BlackBoxes: 
+-+--------------+----------+
| |BlackBox name |Instances |
+-+--------------+----------+
+-+--------------+----------+

Report Cell Usage: 
+------+-------+------+
|      |Cell   |Count |
+------+-------+------+
|1     |BUFG   |     8|
|2     |CARRY4 |    96|
|3     |LUT1   |     1|
|4     |LUT2   |   517|
|5     |LUT3   |    15|
|6     |LUT5   |    42|
|7     |LUT6   |     7|
|8     |FDCE   |   263|
|9     |FDRE   |    17|
|10    |FDSE   |     1|
|11    |IBUF   |     3|
|12    |OBUF   |    16|
+------+-------+------+
---------------------------------------------------------------------------------
Finished Writing Synthesis Report : Time (s): cpu = 00:00:38 ; elapsed = 00:00:43 . Memory (MB): peak = 1251.367 ; gain = 13.035
---------------------------------------------------------------------------------
Synthesis finished with 0 errors, 0 critical warnings and 1 warnings.
Synthesis Optimization Runtime : Time (s): cpu = 00:00:27 ; elapsed = 00:00:39 . Memory (MB): peak = 1251.367 ; gain = 13.035
Synthesis Optimization Complete : Time (s): cpu = 00:00:38 ; elapsed = 00:00:43 . Memory (MB): peak = 1251.367 ; gain = 13.035
INFO: [Project 1-571] Translating synthesized netlist
Netlist sorting complete. Time (s): cpu = 00:00:00 ; elapsed = 00:00:00.048 . Memory (MB): peak = 1257.855 ; gain = 0.000
INFO: [Netlist 29-17] Analyzing 96 Unisim elements for replacement
INFO: [Netlist 29-28] Unisim Transformation completed in 0 CPU seconds
INFO: [Project 1-570] Preparing netlist for logic optimization
INFO: [Opt 31-138] Pushed 0 inverter(s) to 0 load pin(s).
Netlist sorting complete. Time (s): cpu = 00:00:00 ; elapsed = 00:00:00.001 . Memory (MB): peak = 1272.492 ; gain = 0.000
INFO: [Project 1-111] Unisim Transformation Summary:
No Unisim elements were transformed.

Synth Design complete, checksum: 297a555b
INFO: [Common 17-83] Releasing license: Synthesis
46 Infos, 3 Warnings, 0 Critical Warnings and 0 Errors encountered.
synth_design completed successfully
synth_design: Time (s): cpu = 00:00:46 ; elapsed = 00:01:15 . Memory (MB): peak = 1272.492 ; gain = 34.160
INFO: [Common 17-1381] The checkpoint 'D:/Privat/EDS/Projects/Labor/Labor2/Labor2.runs/synth_1/Uhr.dcp' has been generated.
INFO: [runtcl-4] Executing : report_utilization -file Uhr_utilization_synth.rpt -pb Uhr_utilization_synth.pb
INFO: [Common 17-206] Exiting Vivado at Sat May  7 14:31:31 2022...
